2022-12-26 17:39:36,709 p=67639 u=jem n=ansible | [WARNING]: No inventory was parsed, only implicit localhost is available

2022-12-26 17:39:36,711 p=67639 u=jem n=ansible | [WARNING]: provided hosts list is empty, only localhost is available. Note that the implicit localhost does not match 'all'

2022-12-26 17:39:36,778 p=67639 u=jem n=ansible | PLAY [localhost] **************************************************************************************************************
2022-12-26 17:39:36,782 p=67639 u=jem n=ansible | TASK [Gathering Facts] ********************************************************************************************************
2022-12-26 17:39:37,537 p=67639 u=jem n=ansible | ok: [localhost]
2022-12-26 17:39:37,540 p=67639 u=jem n=ansible | TASK [update Arch package cache] **********************************************************************************************
2022-12-26 17:39:37,695 p=67639 u=jem n=ansible | ok: [localhost]
2022-12-26 17:39:37,698 p=67639 u=jem n=ansible | TASK [update Debian-based package cache] **************************************************************************************
2022-12-26 17:39:37,705 p=67639 u=jem n=ansible | skipping: [localhost]
2022-12-26 17:39:37,720 p=67639 u=jem n=ansible | PLAY [localhost] **************************************************************************************************************
2022-12-26 17:39:37,724 p=67639 u=jem n=ansible | TASK [Gathering Facts] ********************************************************************************************************
2022-12-26 17:39:38,327 p=67639 u=jem n=ansible | ok: [localhost]
2022-12-26 17:39:38,339 p=67639 u=jem n=ansible | TASK [include_tasks] **********************************************************************************************************
2022-12-26 17:39:38,371 p=67639 u=jem n=ansible | included: /home/jem/repos/home-site-maintenance/roles/base/tasks/main.yml for localhost
2022-12-26 17:39:38,379 p=67639 u=jem n=ansible | TASK [include_vars] ***********************************************************************************************************
2022-12-26 17:39:38,387 p=67639 u=jem n=ansible | ok: [localhost]
2022-12-26 17:39:38,391 p=67639 u=jem n=ansible | TASK [users | jem | create group] *********************************************************************************************
2022-12-26 17:39:38,559 p=67639 u=jem n=ansible | ok: [localhost]
2022-12-26 17:39:38,564 p=67639 u=jem n=ansible | TASK [users | jem | create user] **********************************************************************************************
2022-12-26 17:39:38,773 p=67639 u=jem n=ansible | ok: [localhost]
2022-12-26 17:39:38,777 p=67639 u=jem n=ansible | TASK [users | jem | jem | add sudoers file] ***********************************************************************************
2022-12-26 17:39:39,079 p=67639 u=jem n=ansible | ok: [localhost]
2022-12-26 17:39:39,082 p=67639 u=jem n=ansible | TASK [users | jem | create .ssh directory] ************************************************************************************
2022-12-26 17:39:39,198 p=67639 u=jem n=ansible | ok: [localhost] => (item={'dir': '/home/jem/.ssh'})
2022-12-26 17:39:39,205 p=67639 u=jem n=ansible | TASK [users | rosie | add user] ***********************************************************************************************
2022-12-26 17:39:39,339 p=67639 u=jem n=ansible | ok: [localhost]
2022-12-26 17:39:39,342 p=67639 u=jem n=ansible | TASK [users | rosie | add sudoers file] ***************************************************************************************
2022-12-26 17:39:39,545 p=67639 u=jem n=ansible | ok: [localhost]
2022-12-26 17:39:39,550 p=67639 u=jem n=ansible | TASK [setup ansible and ensure latest] ****************************************************************************************
2022-12-26 17:39:40,149 p=67639 u=jem n=ansible | ok: [localhost]
2022-12-26 17:39:40,154 p=67639 u=jem n=ansible | TASK [ansible setup | create ansible log file] ********************************************************************************
2022-12-26 17:39:40,265 p=67639 u=jem n=ansible | ok: [localhost]
2022-12-26 17:39:40,268 p=67639 u=jem n=ansible | TASK [ansible setup | add logrotate config for ansible log file] **************************************************************
2022-12-26 17:39:40,471 p=67639 u=jem n=ansible | ok: [localhost]
2022-12-26 17:39:40,475 p=67639 u=jem n=ansible | TASK [ansible setup | remove default ansible directory (/etc/ansible) from host] **********************************************
2022-12-26 17:39:40,585 p=67639 u=jem n=ansible | ok: [localhost]
2022-12-26 17:39:40,589 p=67639 u=jem n=ansible | TASK [system setup | cron | install cron package] *****************************************************************************
2022-12-26 17:39:41,183 p=67639 u=jem n=ansible | ok: [localhost]
2022-12-26 17:39:41,188 p=67639 u=jem n=ansible | TASK [system setup | cron | start and enable cronie daemon] *******************************************************************
2022-12-26 17:39:41,500 p=67639 u=jem n=ansible | ok: [localhost]
2022-12-26 17:39:41,505 p=67639 u=jem n=ansible | TASK [system setup | cron | schedule automatic ansible provisioning] **********************************************************
2022-12-26 17:39:41,689 p=67639 u=jem n=ansible | ok: [localhost]
2022-12-26 17:39:41,692 p=67639 u=jem n=ansible | TASK [system setup | cron | schedule ansible cleanup at boot] *****************************************************************
2022-12-26 17:39:41,804 p=67639 u=jem n=ansible | ok: [localhost]
2022-12-26 17:39:41,815 p=67639 u=jem n=ansible | PLAY [localhost] **************************************************************************************************************
2022-12-26 17:39:41,819 p=67639 u=jem n=ansible | TASK [Gathering Facts] ********************************************************************************************************
2022-12-26 17:39:42,431 p=67639 u=jem n=ansible | ok: [localhost]
2022-12-26 17:39:42,439 p=67639 u=jem n=ansible | TASK [include_tasks] **********************************************************************************************************
2022-12-26 17:39:42,453 p=67639 u=jem n=ansible | fatal: [localhost]: FAILED! => {"reason": "you must specify a value when using with_items\n\nThe error appears to be in '/home/jem/repos/home-site-maintenance/roles/workstation/tasks/users/jem.yml': line 29, column 3, but may\nbe elsewhere in the file depending on the exact syntax problem.\n\nThe offending line appears to be:\n\n\n- name: users | jem | copy personal config files\n  ^ here\n"}
2022-12-26 17:39:42,453 p=67639 u=jem n=ansible | PLAY RECAP ********************************************************************************************************************
2022-12-26 17:39:42,453 p=67639 u=jem n=ansible | localhost                  : ok=20   changed=0    unreachable=0    failed=1    skipped=1    rescued=0    ignored=0   
2022-12-26 17:41:12,708 p=68266 u=jem n=ansible | [WARNING]: No inventory was parsed, only implicit localhost is available

2022-12-26 17:41:12,710 p=68266 u=jem n=ansible | [WARNING]: provided hosts list is empty, only localhost is available. Note that the implicit localhost does not match 'all'

2022-12-26 17:41:12,777 p=68266 u=jem n=ansible | PLAY [localhost] ***********************************************************************************************************************************************************************************************************************************************
2022-12-26 17:41:12,781 p=68266 u=jem n=ansible | TASK [Gathering Facts] *****************************************************************************************************************************************************************************************************************************************
2022-12-26 17:41:13,521 p=68266 u=jem n=ansible | ok: [localhost]
2022-12-26 17:41:13,524 p=68266 u=jem n=ansible | TASK [update Arch package cache] *******************************************************************************************************************************************************************************************************************************
2022-12-26 17:41:13,679 p=68266 u=jem n=ansible | ok: [localhost]
2022-12-26 17:41:13,682 p=68266 u=jem n=ansible | TASK [update Debian-based package cache] ***********************************************************************************************************************************************************************************************************************
2022-12-26 17:41:13,689 p=68266 u=jem n=ansible | skipping: [localhost]
2022-12-26 17:41:13,705 p=68266 u=jem n=ansible | PLAY [localhost] ***********************************************************************************************************************************************************************************************************************************************
2022-12-26 17:41:13,709 p=68266 u=jem n=ansible | TASK [Gathering Facts] *****************************************************************************************************************************************************************************************************************************************
2022-12-26 17:41:14,307 p=68266 u=jem n=ansible | ok: [localhost]
2022-12-26 17:41:14,320 p=68266 u=jem n=ansible | TASK [include_tasks] *******************************************************************************************************************************************************************************************************************************************
2022-12-26 17:41:14,352 p=68266 u=jem n=ansible | included: /home/jem/repos/home-site-maintenance/roles/base/tasks/main.yml for localhost
2022-12-26 17:41:14,360 p=68266 u=jem n=ansible | TASK [include_vars] ********************************************************************************************************************************************************************************************************************************************
2022-12-26 17:41:14,370 p=68266 u=jem n=ansible | ok: [localhost]
2022-12-26 17:41:14,373 p=68266 u=jem n=ansible | TASK [users | jem | create group] ******************************************************************************************************************************************************************************************************************************
2022-12-26 17:41:14,544 p=68266 u=jem n=ansible | ok: [localhost]
2022-12-26 17:41:14,547 p=68266 u=jem n=ansible | TASK [users | jem | create user] *******************************************************************************************************************************************************************************************************************************
2022-12-26 17:41:14,757 p=68266 u=jem n=ansible | ok: [localhost]
2022-12-26 17:41:14,761 p=68266 u=jem n=ansible | TASK [users | jem | jem | add sudoers file] ********************************************************************************************************************************************************************************************************************
2022-12-26 17:41:15,065 p=68266 u=jem n=ansible | ok: [localhost]
2022-12-26 17:41:15,068 p=68266 u=jem n=ansible | TASK [users | jem | create .ssh directory] *********************************************************************************************************************************************************************************************************************
2022-12-26 17:41:15,185 p=68266 u=jem n=ansible | ok: [localhost] => (item={'dir': '/home/jem/.ssh'})
2022-12-26 17:41:15,189 p=68266 u=jem n=ansible | TASK [users | rosie | add user] ********************************************************************************************************************************************************************************************************************************
2022-12-26 17:41:15,322 p=68266 u=jem n=ansible | ok: [localhost]
2022-12-26 17:41:15,326 p=68266 u=jem n=ansible | TASK [users | rosie | add sudoers file] ************************************************************************************************************************************************************************************************************************
2022-12-26 17:41:15,530 p=68266 u=jem n=ansible | ok: [localhost]
2022-12-26 17:41:15,535 p=68266 u=jem n=ansible | TASK [setup ansible and ensure latest] *************************************************************************************************************************************************************************************************************************
2022-12-26 17:41:16,133 p=68266 u=jem n=ansible | ok: [localhost]
2022-12-26 17:41:16,138 p=68266 u=jem n=ansible | TASK [ansible setup | create ansible log file] *****************************************************************************************************************************************************************************************************************
2022-12-26 17:41:16,251 p=68266 u=jem n=ansible | ok: [localhost]
2022-12-26 17:41:16,254 p=68266 u=jem n=ansible | TASK [ansible setup | add logrotate config for ansible log file] ***********************************************************************************************************************************************************************************************
2022-12-26 17:41:16,461 p=68266 u=jem n=ansible | ok: [localhost]
2022-12-26 17:41:16,465 p=68266 u=jem n=ansible | TASK [ansible setup | remove default ansible directory (/etc/ansible) from host] *******************************************************************************************************************************************************************************
2022-12-26 17:41:16,576 p=68266 u=jem n=ansible | ok: [localhost]
2022-12-26 17:41:16,580 p=68266 u=jem n=ansible | TASK [system setup | cron | install cron package] **************************************************************************************************************************************************************************************************************
2022-12-26 17:41:17,181 p=68266 u=jem n=ansible | ok: [localhost]
2022-12-26 17:41:17,185 p=68266 u=jem n=ansible | TASK [system setup | cron | start and enable cronie daemon] ****************************************************************************************************************************************************************************************************
2022-12-26 17:41:17,490 p=68266 u=jem n=ansible | ok: [localhost]
2022-12-26 17:41:17,493 p=68266 u=jem n=ansible | TASK [system setup | cron | schedule automatic ansible provisioning] *******************************************************************************************************************************************************************************************
2022-12-26 17:41:17,679 p=68266 u=jem n=ansible | ok: [localhost]
2022-12-26 17:41:17,682 p=68266 u=jem n=ansible | TASK [system setup | cron | schedule ansible cleanup at boot] **************************************************************************************************************************************************************************************************
2022-12-26 17:41:17,795 p=68266 u=jem n=ansible | ok: [localhost]
2022-12-26 17:41:17,806 p=68266 u=jem n=ansible | PLAY [localhost] ***********************************************************************************************************************************************************************************************************************************************
2022-12-26 17:41:17,810 p=68266 u=jem n=ansible | TASK [Gathering Facts] *****************************************************************************************************************************************************************************************************************************************
2022-12-26 17:41:18,427 p=68266 u=jem n=ansible | ok: [localhost]
2022-12-26 17:41:18,435 p=68266 u=jem n=ansible | TASK [include_tasks] *******************************************************************************************************************************************************************************************************************************************
2022-12-26 17:41:18,451 p=68266 u=jem n=ansible | included: /home/jem/repos/home-site-maintenance/roles/workstation/tasks/main.yml for localhost
2022-12-26 17:41:18,455 p=68266 u=jem n=ansible | TASK [include_vars] ********************************************************************************************************************************************************************************************************************************************
2022-12-26 17:41:18,464 p=68266 u=jem n=ansible | ok: [localhost]
2022-12-26 17:41:18,467 p=68266 u=jem n=ansible | TASK [users | jem | remove unwanted stuff from home directory] *************************************************************************************************************************************************************************************************
2022-12-26 17:41:18,585 p=68266 u=jem n=ansible | ok: [localhost] => (item=Public)
2022-12-26 17:41:18,685 p=68266 u=jem n=ansible | changed: [localhost] => (item=Templates)
2022-12-26 17:41:18,690 p=68266 u=jem n=ansible | TASK [users | jem | create personal config directories] ********************************************************************************************************************************************************************************************************
2022-12-26 17:41:18,809 p=68266 u=jem n=ansible | changed: [localhost] => (item={'dir': '.config'})
2022-12-26 17:41:18,914 p=68266 u=jem n=ansible | changed: [localhost] => (item={'dir': '.config/alacritty'})
2022-12-26 17:41:19,022 p=68266 u=jem n=ansible | changed: [localhost] => (item={'dir': '.config/qtile'})
2022-12-26 17:41:19,127 p=68266 u=jem n=ansible | changed: [localhost] => (item={'dir': '.config/lvim'})
2022-12-26 17:41:19,232 p=68266 u=jem n=ansible | changed: [localhost] => (item={'dir': '.keychain'})
2022-12-26 17:41:19,340 p=68266 u=jem n=ansible | changed: [localhost] => (item={'dir': 'documents'})
2022-12-26 17:41:19,445 p=68266 u=jem n=ansible | changed: [localhost] => (item={'dir': 'documents/ISOs'})
2022-12-26 17:41:19,552 p=68266 u=jem n=ansible | changed: [localhost] => (item={'dir': 'VMs'})
2022-12-26 17:41:19,660 p=68266 u=jem n=ansible | changed: [localhost] => (item={'dir': 'wallpapers'})
2022-12-26 17:41:19,762 p=68266 u=jem n=ansible | changed: [localhost] => (item={'dir': 'wallpapers/wallpapers'})
2022-12-26 17:41:19,767 p=68266 u=jem n=ansible | TASK [users | jem | copy personal config files] ****************************************************************************************************************************************************************************************************************
2022-12-26 17:41:19,797 p=68266 u=jem n=ansible | An exception occurred during task execution. To see the full traceback, use -vvv. The error was: If you are using a module and expect the file to exist on the remote, see the remote_src option
2022-12-26 17:41:19,797 p=68266 u=jem n=ansible | failed: [localhost] (item={'src': 'files/wallpapers/0198.jpg', 'dest': 'wallpapers/wallpapers.0198.jpg'}) => {"ansible_loop_var": "item", "changed": false, "item": {"dest": "wallpapers/wallpapers.0198.jpg", "src": "files/wallpapers/0198.jpg"}, "msg": "Could not find or access 'files/jem/files/wallpapers/0198.jpg'\nSearched in:\n\t/home/jem/repos/home-site-maintenance/roles/workstation/tasks/users/files/files/jem/files/wallpapers/0198.jpg\n\t/home/jem/repos/home-site-maintenance/roles/workstation/tasks/users/files/jem/files/wallpapers/0198.jpg\n\t/home/jem/repos/home-site-maintenance/files/files/jem/files/wallpapers/0198.jpg\n\t/home/jem/repos/home-site-maintenance/files/jem/files/wallpapers/0198.jpg on the Ansible Controller.\nIf you are using a module and expect the file to exist on the remote, see the remote_src option"}
2022-12-26 17:41:19,809 p=68266 u=jem n=ansible | An exception occurred during task execution. To see the full traceback, use -vvv. The error was: If you are using a module and expect the file to exist on the remote, see the remote_src option
2022-12-26 17:41:19,809 p=68266 u=jem n=ansible | failed: [localhost] (item={'src': 'files/.bashrc', 'dest': '.bashrc'}) => {"ansible_loop_var": "item", "changed": false, "item": {"dest": ".bashrc", "src": "files/.bashrc"}, "msg": "Could not find or access 'files/jem/files/.bashrc'\nSearched in:\n\t/home/jem/repos/home-site-maintenance/roles/workstation/tasks/users/files/files/jem/files/.bashrc\n\t/home/jem/repos/home-site-maintenance/roles/workstation/tasks/users/files/jem/files/.bashrc\n\t/home/jem/repos/home-site-maintenance/files/files/jem/files/.bashrc\n\t/home/jem/repos/home-site-maintenance/files/jem/files/.bashrc on the Ansible Controller.\nIf you are using a module and expect the file to exist on the remote, see the remote_src option"}
2022-12-26 17:41:19,811 p=68266 u=jem n=ansible | PLAY RECAP *****************************************************************************************************************************************************************************************************************************************************
2022-12-26 17:41:19,811 p=68266 u=jem n=ansible | localhost                  : ok=24   changed=2    unreachable=0    failed=1    skipped=1    rescued=0    ignored=0   
2022-12-26 17:43:08,121 p=70194 u=jem n=ansible | [WARNING]: No inventory was parsed, only implicit localhost is available

2022-12-26 17:43:08,122 p=70194 u=jem n=ansible | [WARNING]: provided hosts list is empty, only localhost is available. Note that the implicit localhost does not match 'all'

2022-12-26 17:43:08,189 p=70194 u=jem n=ansible | PLAY [localhost] ***********************************************************************************************************************************************************************************************************************************************
2022-12-26 17:43:08,194 p=70194 u=jem n=ansible | TASK [Gathering Facts] *****************************************************************************************************************************************************************************************************************************************
2022-12-26 17:43:08,951 p=70194 u=jem n=ansible | ok: [localhost]
2022-12-26 17:43:08,954 p=70194 u=jem n=ansible | TASK [update Arch package cache] *******************************************************************************************************************************************************************************************************************************
2022-12-26 17:43:09,111 p=70194 u=jem n=ansible | ok: [localhost]
2022-12-26 17:43:09,116 p=70194 u=jem n=ansible | TASK [update Debian-based package cache] ***********************************************************************************************************************************************************************************************************************
2022-12-26 17:43:09,124 p=70194 u=jem n=ansible | skipping: [localhost]
2022-12-26 17:43:09,149 p=70194 u=jem n=ansible | PLAY [localhost] ***********************************************************************************************************************************************************************************************************************************************
2022-12-26 17:43:09,155 p=70194 u=jem n=ansible | TASK [Gathering Facts] *****************************************************************************************************************************************************************************************************************************************
2022-12-26 17:43:09,777 p=70194 u=jem n=ansible | ok: [localhost]
2022-12-26 17:43:09,784 p=70194 u=jem n=ansible | TASK [include_tasks] *******************************************************************************************************************************************************************************************************************************************
2022-12-26 17:43:09,806 p=70194 u=jem n=ansible | included: /home/jem/repos/home-site-maintenance/roles/base/tasks/main.yml for localhost
2022-12-26 17:43:09,812 p=70194 u=jem n=ansible | TASK [include_vars] ********************************************************************************************************************************************************************************************************************************************
2022-12-26 17:43:09,821 p=70194 u=jem n=ansible | ok: [localhost]
2022-12-26 17:43:09,824 p=70194 u=jem n=ansible | TASK [users | jem | create group] ******************************************************************************************************************************************************************************************************************************
2022-12-26 17:43:09,994 p=70194 u=jem n=ansible | ok: [localhost]
2022-12-26 17:43:09,997 p=70194 u=jem n=ansible | TASK [users | jem | create user] *******************************************************************************************************************************************************************************************************************************
2022-12-26 17:43:10,205 p=70194 u=jem n=ansible | ok: [localhost]
2022-12-26 17:43:10,209 p=70194 u=jem n=ansible | TASK [users | jem | jem | add sudoers file] ********************************************************************************************************************************************************************************************************************
2022-12-26 17:43:10,512 p=70194 u=jem n=ansible | ok: [localhost]
2022-12-26 17:43:10,516 p=70194 u=jem n=ansible | TASK [users | jem | create .ssh directory] *********************************************************************************************************************************************************************************************************************
2022-12-26 17:43:10,629 p=70194 u=jem n=ansible | ok: [localhost] => (item={'dir': '/home/jem/.ssh'})
2022-12-26 17:43:10,635 p=70194 u=jem n=ansible | TASK [users | rosie | add user] ********************************************************************************************************************************************************************************************************************************
2022-12-26 17:43:10,773 p=70194 u=jem n=ansible | ok: [localhost]
2022-12-26 17:43:10,776 p=70194 u=jem n=ansible | TASK [users | rosie | add sudoers file] ************************************************************************************************************************************************************************************************************************
2022-12-26 17:43:10,981 p=70194 u=jem n=ansible | ok: [localhost]
2022-12-26 17:43:10,985 p=70194 u=jem n=ansible | TASK [setup ansible and ensure latest] *************************************************************************************************************************************************************************************************************************
2022-12-26 17:43:11,569 p=70194 u=jem n=ansible | ok: [localhost]
2022-12-26 17:43:11,573 p=70194 u=jem n=ansible | TASK [ansible setup | create ansible log file] *****************************************************************************************************************************************************************************************************************
2022-12-26 17:43:11,685 p=70194 u=jem n=ansible | ok: [localhost]
2022-12-26 17:43:11,688 p=70194 u=jem n=ansible | TASK [ansible setup | add logrotate config for ansible log file] ***********************************************************************************************************************************************************************************************
2022-12-26 17:43:11,892 p=70194 u=jem n=ansible | ok: [localhost]
2022-12-26 17:43:11,895 p=70194 u=jem n=ansible | TASK [ansible setup | remove default ansible directory (/etc/ansible) from host] *******************************************************************************************************************************************************************************
2022-12-26 17:43:12,006 p=70194 u=jem n=ansible | ok: [localhost]
2022-12-26 17:43:12,010 p=70194 u=jem n=ansible | TASK [system setup | cron | install cron package] **************************************************************************************************************************************************************************************************************
2022-12-26 17:43:12,600 p=70194 u=jem n=ansible | ok: [localhost]
2022-12-26 17:43:12,604 p=70194 u=jem n=ansible | TASK [system setup | cron | start and enable cronie daemon] ****************************************************************************************************************************************************************************************************
2022-12-26 17:43:12,920 p=70194 u=jem n=ansible | ok: [localhost]
2022-12-26 17:43:12,924 p=70194 u=jem n=ansible | TASK [system setup | cron | schedule automatic ansible provisioning] *******************************************************************************************************************************************************************************************
2022-12-26 17:43:13,113 p=70194 u=jem n=ansible | ok: [localhost]
2022-12-26 17:43:13,117 p=70194 u=jem n=ansible | TASK [system setup | cron | schedule ansible cleanup at boot] **************************************************************************************************************************************************************************************************
2022-12-26 17:43:13,233 p=70194 u=jem n=ansible | ok: [localhost]
2022-12-26 17:43:13,244 p=70194 u=jem n=ansible | PLAY [localhost] ***********************************************************************************************************************************************************************************************************************************************
2022-12-26 17:43:13,248 p=70194 u=jem n=ansible | TASK [Gathering Facts] *****************************************************************************************************************************************************************************************************************************************
2022-12-26 17:43:13,908 p=70194 u=jem n=ansible | ok: [localhost]
2022-12-26 17:43:13,916 p=70194 u=jem n=ansible | TASK [include_tasks] *******************************************************************************************************************************************************************************************************************************************
2022-12-26 17:43:13,932 p=70194 u=jem n=ansible | included: /home/jem/repos/home-site-maintenance/roles/workstation/tasks/main.yml for localhost
2022-12-26 17:43:13,936 p=70194 u=jem n=ansible | TASK [include_vars] ********************************************************************************************************************************************************************************************************************************************
2022-12-26 17:43:13,945 p=70194 u=jem n=ansible | ok: [localhost]
2022-12-26 17:43:13,948 p=70194 u=jem n=ansible | TASK [users | jem | remove unwanted stuff from home directory] *************************************************************************************************************************************************************************************************
2022-12-26 17:43:14,066 p=70194 u=jem n=ansible | ok: [localhost] => (item=Public)
2022-12-26 17:43:14,169 p=70194 u=jem n=ansible | changed: [localhost] => (item=Templates)
2022-12-26 17:43:14,175 p=70194 u=jem n=ansible | TASK [users | jem | create personal config directories] ********************************************************************************************************************************************************************************************************
2022-12-26 17:43:14,295 p=70194 u=jem n=ansible | changed: [localhost] => (item={'dir': '.config'})
2022-12-26 17:43:14,402 p=70194 u=jem n=ansible | changed: [localhost] => (item={'dir': '.config/alacritty'})
2022-12-26 17:43:14,507 p=70194 u=jem n=ansible | changed: [localhost] => (item={'dir': '.config/qtile'})
2022-12-26 17:43:14,611 p=70194 u=jem n=ansible | changed: [localhost] => (item={'dir': '.config/lvim'})
2022-12-26 17:43:14,718 p=70194 u=jem n=ansible | changed: [localhost] => (item={'dir': '.keychain'})
2022-12-26 17:43:14,824 p=70194 u=jem n=ansible | changed: [localhost] => (item={'dir': 'documents'})
2022-12-26 17:43:14,930 p=70194 u=jem n=ansible | changed: [localhost] => (item={'dir': 'documents/ISOs'})
2022-12-26 17:43:15,038 p=70194 u=jem n=ansible | changed: [localhost] => (item={'dir': 'VMs'})
2022-12-26 17:43:15,143 p=70194 u=jem n=ansible | changed: [localhost] => (item={'dir': 'wallpapers'})
2022-12-26 17:43:15,245 p=70194 u=jem n=ansible | changed: [localhost] => (item={'dir': 'wallpapers/wallpapers'})
2022-12-26 17:43:15,253 p=70194 u=jem n=ansible | TASK [users | jem | copy personal config files] ****************************************************************************************************************************************************************************************************************
2022-12-26 17:43:15,284 p=70194 u=jem n=ansible | An exception occurred during task execution. To see the full traceback, use -vvv. The error was: If you are using a module and expect the file to exist on the remote, see the remote_src option
2022-12-26 17:43:15,284 p=70194 u=jem n=ansible | failed: [localhost] (item={'src': 'files/wallpapers/0198.jpg', 'dest': 'wallpapers/wallpapers/0198.jpg'}) => {"ansible_loop_var": "item", "changed": false, "item": {"dest": "wallpapers/wallpapers/0198.jpg", "src": "files/wallpapers/0198.jpg"}, "msg": "Could not find or access 'files/jem/files/wallpapers/0198.jpg'\nSearched in:\n\t/home/jem/repos/home-site-maintenance/roles/workstation/tasks/users/files/files/jem/files/wallpapers/0198.jpg\n\t/home/jem/repos/home-site-maintenance/roles/workstation/tasks/users/files/jem/files/wallpapers/0198.jpg\n\t/home/jem/repos/home-site-maintenance/files/files/jem/files/wallpapers/0198.jpg\n\t/home/jem/repos/home-site-maintenance/files/jem/files/wallpapers/0198.jpg on the Ansible Controller.\nIf you are using a module and expect the file to exist on the remote, see the remote_src option"}
2022-12-26 17:43:15,296 p=70194 u=jem n=ansible | An exception occurred during task execution. To see the full traceback, use -vvv. The error was: If you are using a module and expect the file to exist on the remote, see the remote_src option
2022-12-26 17:43:15,296 p=70194 u=jem n=ansible | failed: [localhost] (item={'src': 'files/.bashrc', 'dest': '.bashrc'}) => {"ansible_loop_var": "item", "changed": false, "item": {"dest": ".bashrc", "src": "files/.bashrc"}, "msg": "Could not find or access 'files/jem/files/.bashrc'\nSearched in:\n\t/home/jem/repos/home-site-maintenance/roles/workstation/tasks/users/files/files/jem/files/.bashrc\n\t/home/jem/repos/home-site-maintenance/roles/workstation/tasks/users/files/jem/files/.bashrc\n\t/home/jem/repos/home-site-maintenance/files/files/jem/files/.bashrc\n\t/home/jem/repos/home-site-maintenance/files/jem/files/.bashrc on the Ansible Controller.\nIf you are using a module and expect the file to exist on the remote, see the remote_src option"}
2022-12-26 17:43:15,298 p=70194 u=jem n=ansible | PLAY RECAP *****************************************************************************************************************************************************************************************************************************************************
2022-12-26 17:43:15,298 p=70194 u=jem n=ansible | localhost                  : ok=24   changed=2    unreachable=0    failed=1    skipped=1    rescued=0    ignored=0   
2022-12-26 17:47:44,627 p=71096 u=jem n=ansible | [WARNING]: No inventory was parsed, only implicit localhost is available

2022-12-26 17:47:44,629 p=71096 u=jem n=ansible | [WARNING]: provided hosts list is empty, only localhost is available. Note that the implicit localhost does not match 'all'

2022-12-26 17:47:44,693 p=71096 u=jem n=ansible | PLAY [localhost] ***********************************************************************************************************************************************************************************************************************************************
2022-12-26 17:47:44,697 p=71096 u=jem n=ansible | TASK [Gathering Facts] *****************************************************************************************************************************************************************************************************************************************
2022-12-26 17:47:45,435 p=71096 u=jem n=ansible | ok: [localhost]
2022-12-26 17:47:45,438 p=71096 u=jem n=ansible | TASK [update Arch package cache] *******************************************************************************************************************************************************************************************************************************
2022-12-26 17:47:45,595 p=71096 u=jem n=ansible | ok: [localhost]
2022-12-26 17:47:45,600 p=71096 u=jem n=ansible | TASK [update Debian-based package cache] ***********************************************************************************************************************************************************************************************************************
2022-12-26 17:47:45,608 p=71096 u=jem n=ansible | skipping: [localhost]
2022-12-26 17:47:45,632 p=71096 u=jem n=ansible | PLAY [localhost] ***********************************************************************************************************************************************************************************************************************************************
2022-12-26 17:47:45,638 p=71096 u=jem n=ansible | TASK [Gathering Facts] *****************************************************************************************************************************************************************************************************************************************
2022-12-26 17:47:46,264 p=71096 u=jem n=ansible | ok: [localhost]
2022-12-26 17:47:46,272 p=71096 u=jem n=ansible | TASK [include_tasks] *******************************************************************************************************************************************************************************************************************************************
2022-12-26 17:47:46,293 p=71096 u=jem n=ansible | included: /home/jem/repos/home-site-maintenance/roles/base/tasks/main.yml for localhost
2022-12-26 17:47:46,299 p=71096 u=jem n=ansible | TASK [include_vars] ********************************************************************************************************************************************************************************************************************************************
2022-12-26 17:47:46,308 p=71096 u=jem n=ansible | ok: [localhost]
2022-12-26 17:47:46,311 p=71096 u=jem n=ansible | TASK [users | jem | create group] ******************************************************************************************************************************************************************************************************************************
2022-12-26 17:47:46,482 p=71096 u=jem n=ansible | ok: [localhost]
2022-12-26 17:47:46,485 p=71096 u=jem n=ansible | TASK [users | jem | create user] *******************************************************************************************************************************************************************************************************************************
2022-12-26 17:47:46,693 p=71096 u=jem n=ansible | ok: [localhost]
2022-12-26 17:47:46,696 p=71096 u=jem n=ansible | TASK [users | jem | jem | add sudoers file] ********************************************************************************************************************************************************************************************************************
2022-12-26 17:47:47,002 p=71096 u=jem n=ansible | ok: [localhost]
2022-12-26 17:47:47,006 p=71096 u=jem n=ansible | TASK [users | jem | create .ssh directory] *********************************************************************************************************************************************************************************************************************
2022-12-26 17:47:47,121 p=71096 u=jem n=ansible | ok: [localhost] => (item={'dir': '/home/jem/.ssh'})
2022-12-26 17:47:47,126 p=71096 u=jem n=ansible | TASK [users | rosie | add user] ********************************************************************************************************************************************************************************************************************************
2022-12-26 17:47:47,256 p=71096 u=jem n=ansible | ok: [localhost]
2022-12-26 17:47:47,260 p=71096 u=jem n=ansible | TASK [users | rosie | add sudoers file] ************************************************************************************************************************************************************************************************************************
2022-12-26 17:47:47,459 p=71096 u=jem n=ansible | ok: [localhost]
2022-12-26 17:47:47,463 p=71096 u=jem n=ansible | TASK [setup ansible and ensure latest] *************************************************************************************************************************************************************************************************************************
2022-12-26 17:47:48,059 p=71096 u=jem n=ansible | ok: [localhost]
2022-12-26 17:47:48,062 p=71096 u=jem n=ansible | TASK [ansible setup | create ansible log file] *****************************************************************************************************************************************************************************************************************
2022-12-26 17:47:48,172 p=71096 u=jem n=ansible | ok: [localhost]
2022-12-26 17:47:48,176 p=71096 u=jem n=ansible | TASK [ansible setup | add logrotate config for ansible log file] ***********************************************************************************************************************************************************************************************
2022-12-26 17:47:48,380 p=71096 u=jem n=ansible | ok: [localhost]
2022-12-26 17:47:48,383 p=71096 u=jem n=ansible | TASK [ansible setup | remove default ansible directory (/etc/ansible) from host] *******************************************************************************************************************************************************************************
2022-12-26 17:47:48,494 p=71096 u=jem n=ansible | ok: [localhost]
2022-12-26 17:47:48,497 p=71096 u=jem n=ansible | TASK [system setup | cron | install cron package] **************************************************************************************************************************************************************************************************************
2022-12-26 17:47:49,112 p=71096 u=jem n=ansible | ok: [localhost]
2022-12-26 17:47:49,117 p=71096 u=jem n=ansible | TASK [system setup | cron | start and enable cronie daemon] ****************************************************************************************************************************************************************************************************
2022-12-26 17:47:49,420 p=71096 u=jem n=ansible | ok: [localhost]
2022-12-26 17:47:49,423 p=71096 u=jem n=ansible | TASK [system setup | cron | schedule automatic ansible provisioning] *******************************************************************************************************************************************************************************************
2022-12-26 17:47:49,609 p=71096 u=jem n=ansible | ok: [localhost]
2022-12-26 17:47:49,613 p=71096 u=jem n=ansible | TASK [system setup | cron | schedule ansible cleanup at boot] **************************************************************************************************************************************************************************************************
2022-12-26 17:47:49,725 p=71096 u=jem n=ansible | ok: [localhost]
2022-12-26 17:47:49,736 p=71096 u=jem n=ansible | PLAY [localhost] ***********************************************************************************************************************************************************************************************************************************************
2022-12-26 17:47:49,740 p=71096 u=jem n=ansible | TASK [Gathering Facts] *****************************************************************************************************************************************************************************************************************************************
2022-12-26 17:47:50,361 p=71096 u=jem n=ansible | ok: [localhost]
2022-12-26 17:47:50,373 p=71096 u=jem n=ansible | TASK [include_tasks] *******************************************************************************************************************************************************************************************************************************************
2022-12-26 17:47:50,394 p=71096 u=jem n=ansible | included: /home/jem/repos/home-site-maintenance/roles/workstation/tasks/main.yml for localhost
2022-12-26 17:47:50,401 p=71096 u=jem n=ansible | TASK [include_vars] ********************************************************************************************************************************************************************************************************************************************
2022-12-26 17:47:50,410 p=71096 u=jem n=ansible | ok: [localhost]
2022-12-26 17:47:50,414 p=71096 u=jem n=ansible | TASK [users | jem | remove unwanted stuff from home directory] *************************************************************************************************************************************************************************************************
2022-12-26 17:47:50,533 p=71096 u=jem n=ansible | ok: [localhost] => (item=Public)
2022-12-26 17:47:50,631 p=71096 u=jem n=ansible | changed: [localhost] => (item=Templates)
2022-12-26 17:47:50,636 p=71096 u=jem n=ansible | TASK [users | jem | create personal config directories] ********************************************************************************************************************************************************************************************************
2022-12-26 17:47:50,755 p=71096 u=jem n=ansible | changed: [localhost] => (item={'dir': '.config'})
2022-12-26 17:47:50,859 p=71096 u=jem n=ansible | changed: [localhost] => (item={'dir': '.config/alacritty'})
2022-12-26 17:47:50,961 p=71096 u=jem n=ansible | changed: [localhost] => (item={'dir': '.config/qtile'})
2022-12-26 17:47:51,063 p=71096 u=jem n=ansible | changed: [localhost] => (item={'dir': '.config/lvim'})
2022-12-26 17:47:51,165 p=71096 u=jem n=ansible | changed: [localhost] => (item={'dir': '.keychain'})
2022-12-26 17:47:51,267 p=71096 u=jem n=ansible | changed: [localhost] => (item={'dir': 'documents'})
2022-12-26 17:47:51,373 p=71096 u=jem n=ansible | changed: [localhost] => (item={'dir': 'documents/ISOs'})
2022-12-26 17:47:51,477 p=71096 u=jem n=ansible | changed: [localhost] => (item={'dir': 'VMs'})
2022-12-26 17:47:51,578 p=71096 u=jem n=ansible | changed: [localhost] => (item={'dir': 'wallpapers'})
2022-12-26 17:47:51,676 p=71096 u=jem n=ansible | changed: [localhost] => (item={'dir': 'wallpapers/wallpapers'})
2022-12-26 17:47:51,682 p=71096 u=jem n=ansible | TASK [users | jem | copy personal config files] ****************************************************************************************************************************************************************************************************************
2022-12-26 17:47:51,710 p=71096 u=jem n=ansible | An exception occurred during task execution. To see the full traceback, use -vvv. The error was: If you are using a module and expect the file to exist on the remote, see the remote_src option
2022-12-26 17:47:51,710 p=71096 u=jem n=ansible | failed: [localhost] (item={'src': 'files/wallpapers/0198.jpg', 'dest': 'wallpapers/wallpapers/0198.jpg'}) => {"ansible_loop_var": "item", "changed": false, "item": {"dest": "wallpapers/wallpapers/0198.jpg", "src": "files/wallpapers/0198.jpg"}, "msg": "Could not find or access 'files/files/wallpapers/0198.jpg'\nSearched in:\n\t/home/jem/repos/home-site-maintenance/roles/workstation/tasks/users/files/files/files/wallpapers/0198.jpg\n\t/home/jem/repos/home-site-maintenance/roles/workstation/tasks/users/files/files/wallpapers/0198.jpg\n\t/home/jem/repos/home-site-maintenance/files/files/files/wallpapers/0198.jpg\n\t/home/jem/repos/home-site-maintenance/files/files/wallpapers/0198.jpg on the Ansible Controller.\nIf you are using a module and expect the file to exist on the remote, see the remote_src option"}
2022-12-26 17:47:51,722 p=71096 u=jem n=ansible | An exception occurred during task execution. To see the full traceback, use -vvv. The error was: If you are using a module and expect the file to exist on the remote, see the remote_src option
2022-12-26 17:47:51,722 p=71096 u=jem n=ansible | failed: [localhost] (item={'src': 'files/.bashrc', 'dest': '.bashrc'}) => {"ansible_loop_var": "item", "changed": false, "item": {"dest": ".bashrc", "src": "files/.bashrc"}, "msg": "Could not find or access 'files/files/.bashrc'\nSearched in:\n\t/home/jem/repos/home-site-maintenance/roles/workstation/tasks/users/files/files/files/.bashrc\n\t/home/jem/repos/home-site-maintenance/roles/workstation/tasks/users/files/files/.bashrc\n\t/home/jem/repos/home-site-maintenance/files/files/files/.bashrc\n\t/home/jem/repos/home-site-maintenance/files/files/.bashrc on the Ansible Controller.\nIf you are using a module and expect the file to exist on the remote, see the remote_src option"}
2022-12-26 17:47:51,724 p=71096 u=jem n=ansible | PLAY RECAP *****************************************************************************************************************************************************************************************************************************************************
2022-12-26 17:47:51,724 p=71096 u=jem n=ansible | localhost                  : ok=24   changed=2    unreachable=0    failed=1    skipped=1    rescued=0    ignored=0   
2022-12-26 17:48:55,036 p=71882 u=jem n=ansible | [WARNING]: No inventory was parsed, only implicit localhost is available

2022-12-26 17:48:55,037 p=71882 u=jem n=ansible | [WARNING]: provided hosts list is empty, only localhost is available. Note that the implicit localhost does not match 'all'

2022-12-26 17:48:55,104 p=71882 u=jem n=ansible | PLAY [localhost] ***********************************************************************************************************************************************************************************************************************************************
2022-12-26 17:48:55,109 p=71882 u=jem n=ansible | TASK [Gathering Facts] *****************************************************************************************************************************************************************************************************************************************
2022-12-26 17:48:55,828 p=71882 u=jem n=ansible | ok: [localhost]
2022-12-26 17:48:55,831 p=71882 u=jem n=ansible | TASK [update Arch package cache] *******************************************************************************************************************************************************************************************************************************
2022-12-26 17:48:55,988 p=71882 u=jem n=ansible | ok: [localhost]
2022-12-26 17:48:55,991 p=71882 u=jem n=ansible | TASK [update Debian-based package cache] ***********************************************************************************************************************************************************************************************************************
2022-12-26 17:48:55,999 p=71882 u=jem n=ansible | skipping: [localhost]
2022-12-26 17:48:56,014 p=71882 u=jem n=ansible | PLAY [localhost] ***********************************************************************************************************************************************************************************************************************************************
2022-12-26 17:48:56,018 p=71882 u=jem n=ansible | TASK [Gathering Facts] *****************************************************************************************************************************************************************************************************************************************
2022-12-26 17:48:56,642 p=71882 u=jem n=ansible | ok: [localhost]
2022-12-26 17:48:56,650 p=71882 u=jem n=ansible | TASK [include_tasks] *******************************************************************************************************************************************************************************************************************************************
2022-12-26 17:48:56,671 p=71882 u=jem n=ansible | included: /home/jem/repos/home-site-maintenance/roles/base/tasks/main.yml for localhost
2022-12-26 17:48:56,678 p=71882 u=jem n=ansible | TASK [include_vars] ********************************************************************************************************************************************************************************************************************************************
2022-12-26 17:48:56,686 p=71882 u=jem n=ansible | ok: [localhost]
2022-12-26 17:48:56,690 p=71882 u=jem n=ansible | TASK [users | jem | create group] ******************************************************************************************************************************************************************************************************************************
2022-12-26 17:48:56,859 p=71882 u=jem n=ansible | ok: [localhost]
2022-12-26 17:48:56,862 p=71882 u=jem n=ansible | TASK [users | jem | create user] *******************************************************************************************************************************************************************************************************************************
2022-12-26 17:48:57,071 p=71882 u=jem n=ansible | ok: [localhost]
2022-12-26 17:48:57,074 p=71882 u=jem n=ansible | TASK [users | jem | jem | add sudoers file] ********************************************************************************************************************************************************************************************************************
2022-12-26 17:48:57,382 p=71882 u=jem n=ansible | ok: [localhost]
2022-12-26 17:48:57,386 p=71882 u=jem n=ansible | TASK [users | jem | create .ssh directory] *********************************************************************************************************************************************************************************************************************
2022-12-26 17:48:57,498 p=71882 u=jem n=ansible | ok: [localhost] => (item={'dir': '/home/jem/.ssh'})
2022-12-26 17:48:57,505 p=71882 u=jem n=ansible | TASK [users | rosie | add user] ********************************************************************************************************************************************************************************************************************************
2022-12-26 17:48:57,640 p=71882 u=jem n=ansible | ok: [localhost]
2022-12-26 17:48:57,643 p=71882 u=jem n=ansible | TASK [users | rosie | add sudoers file] ************************************************************************************************************************************************************************************************************************
2022-12-26 17:48:57,841 p=71882 u=jem n=ansible | ok: [localhost]
2022-12-26 17:48:57,845 p=71882 u=jem n=ansible | TASK [setup ansible and ensure latest] *************************************************************************************************************************************************************************************************************************
2022-12-26 17:48:58,441 p=71882 u=jem n=ansible | ok: [localhost]
2022-12-26 17:48:58,444 p=71882 u=jem n=ansible | TASK [ansible setup | create ansible log file] *****************************************************************************************************************************************************************************************************************
2022-12-26 17:48:58,556 p=71882 u=jem n=ansible | ok: [localhost]
2022-12-26 17:48:58,560 p=71882 u=jem n=ansible | TASK [ansible setup | add logrotate config for ansible log file] ***********************************************************************************************************************************************************************************************
2022-12-26 17:48:58,763 p=71882 u=jem n=ansible | ok: [localhost]
2022-12-26 17:48:58,766 p=71882 u=jem n=ansible | TASK [ansible setup | remove default ansible directory (/etc/ansible) from host] *******************************************************************************************************************************************************************************
2022-12-26 17:48:58,877 p=71882 u=jem n=ansible | ok: [localhost]
2022-12-26 17:48:58,880 p=71882 u=jem n=ansible | TASK [system setup | cron | install cron package] **************************************************************************************************************************************************************************************************************
2022-12-26 17:48:59,475 p=71882 u=jem n=ansible | ok: [localhost]
2022-12-26 17:48:59,479 p=71882 u=jem n=ansible | TASK [system setup | cron | start and enable cronie daemon] ****************************************************************************************************************************************************************************************************
2022-12-26 17:48:59,790 p=71882 u=jem n=ansible | ok: [localhost]
2022-12-26 17:48:59,793 p=71882 u=jem n=ansible | TASK [system setup | cron | schedule automatic ansible provisioning] *******************************************************************************************************************************************************************************************
2022-12-26 17:48:59,975 p=71882 u=jem n=ansible | ok: [localhost]
2022-12-26 17:48:59,979 p=71882 u=jem n=ansible | TASK [system setup | cron | schedule ansible cleanup at boot] **************************************************************************************************************************************************************************************************
2022-12-26 17:49:00,091 p=71882 u=jem n=ansible | ok: [localhost]
2022-12-26 17:49:00,102 p=71882 u=jem n=ansible | PLAY [localhost] ***********************************************************************************************************************************************************************************************************************************************
2022-12-26 17:49:00,106 p=71882 u=jem n=ansible | TASK [Gathering Facts] *****************************************************************************************************************************************************************************************************************************************
2022-12-26 17:49:00,770 p=71882 u=jem n=ansible | ok: [localhost]
2022-12-26 17:49:00,778 p=71882 u=jem n=ansible | TASK [include_tasks] *******************************************************************************************************************************************************************************************************************************************
2022-12-26 17:49:00,794 p=71882 u=jem n=ansible | included: /home/jem/repos/home-site-maintenance/roles/workstation/tasks/main.yml for localhost
2022-12-26 17:49:00,798 p=71882 u=jem n=ansible | TASK [include_vars] ********************************************************************************************************************************************************************************************************************************************
2022-12-26 17:49:00,806 p=71882 u=jem n=ansible | ok: [localhost]
2022-12-26 17:49:00,810 p=71882 u=jem n=ansible | TASK [users | jem | remove unwanted stuff from home directory] *************************************************************************************************************************************************************************************************
2022-12-26 17:49:00,929 p=71882 u=jem n=ansible | ok: [localhost] => (item=Public)
2022-12-26 17:49:01,030 p=71882 u=jem n=ansible | changed: [localhost] => (item=Templates)
2022-12-26 17:49:01,036 p=71882 u=jem n=ansible | TASK [users | jem | create personal config directories] ********************************************************************************************************************************************************************************************************
2022-12-26 17:49:01,152 p=71882 u=jem n=ansible | changed: [localhost] => (item={'dir': '.config'})
2022-12-26 17:49:01,257 p=71882 u=jem n=ansible | changed: [localhost] => (item={'dir': '.config/alacritty'})
2022-12-26 17:49:01,362 p=71882 u=jem n=ansible | changed: [localhost] => (item={'dir': '.config/qtile'})
2022-12-26 17:49:01,464 p=71882 u=jem n=ansible | changed: [localhost] => (item={'dir': '.config/lvim'})
2022-12-26 17:49:01,567 p=71882 u=jem n=ansible | changed: [localhost] => (item={'dir': '.keychain'})
2022-12-26 17:49:01,669 p=71882 u=jem n=ansible | changed: [localhost] => (item={'dir': 'documents'})
2022-12-26 17:49:01,774 p=71882 u=jem n=ansible | changed: [localhost] => (item={'dir': 'documents/ISOs'})
2022-12-26 17:49:01,877 p=71882 u=jem n=ansible | changed: [localhost] => (item={'dir': 'VMs'})
2022-12-26 17:49:01,979 p=71882 u=jem n=ansible | changed: [localhost] => (item={'dir': 'wallpapers'})
2022-12-26 17:49:02,079 p=71882 u=jem n=ansible | changed: [localhost] => (item={'dir': 'wallpapers/wallpapers'})
2022-12-26 17:49:02,085 p=71882 u=jem n=ansible | TASK [users | jem | copy personal config files] ****************************************************************************************************************************************************************************************************************
2022-12-26 17:49:02,304 p=71882 u=jem n=ansible | changed: [localhost] => (item={'src': 'wallpapers/0198.jpg', 'dest': 'wallpapers/wallpapers/0198.jpg'})
2022-12-26 17:49:02,505 p=71882 u=jem n=ansible | changed: [localhost] => (item={'src': '.bashrc', 'dest': '.bashrc'})
2022-12-26 17:49:02,510 p=71882 u=jem n=ansible | TASK [software | all basic workstation-packages] ***************************************************************************************************************************************************************************************************************
2022-12-26 17:49:03,110 p=71882 u=jem n=ansible | ok: [localhost]
2022-12-26 17:49:03,121 p=71882 u=jem n=ansible | PLAY [localhost] ***********************************************************************************************************************************************************************************************************************************************
2022-12-26 17:49:03,125 p=71882 u=jem n=ansible | TASK [Gathering Facts] *****************************************************************************************************************************************************************************************************************************************
2022-12-26 17:49:03,733 p=71882 u=jem n=ansible | ok: [localhost]
2022-12-26 17:49:03,740 p=71882 u=jem n=ansible | TASK [include_tasks] *******************************************************************************************************************************************************************************************************************************************
2022-12-26 17:49:03,749 p=71882 u=jem n=ansible | skipping: [localhost]
2022-12-26 17:49:03,759 p=71882 u=jem n=ansible | PLAY RECAP *****************************************************************************************************************************************************************************************************************************************************
2022-12-26 17:49:03,759 p=71882 u=jem n=ansible | localhost                  : ok=27   changed=3    unreachable=0    failed=0    skipped=2    rescued=0    ignored=0   
